<?xml version="1.0" encoding="UTF-8"?>
<!-- Generated by org.testng.reporters.JUnitReportReporter -->
<testsuite hostname="DESKTOP-J9JQ713" failures="0" tests="1" name="appium.Demo6" time="22.989" errors="0" timestamp="2023-05-09T11:29:21 IST" skipped="0">
  <testcase classname="appium.Demo6" name="openApp" time="22.989"/>
  <system-out/>
</testsuite> <!-- appium.Demo6 -->
