<?xml version="1.0" encoding="UTF-8"?>
<!-- Generated by org.testng.reporters.JUnitReportReporter -->
<testsuite hostname="DESKTOP-J9JQ713" failures="0" tests="1" name="appium.Demo13" time="36.882" errors="0" timestamp="2023-05-11T10:49:21 IST" skipped="0">
  <testcase classname="appium.Demo13" name="login" time="36.882"/>
  <system-out/>
</testsuite> <!-- appium.Demo13 -->
