<?xml version="1.0" encoding="UTF-8"?>
<!-- Generated by org.testng.reporters.JUnitReportReporter -->
<testsuite hostname="DESKTOP-J9JQ713" failures="0" tests="1" name="appium.Demo3" time="29.667" errors="0" timestamp="2023-05-08T17:30:57 IST" skipped="0">
  <testcase classname="appium.Demo3" name="openApp" time="29.667"/>
  <system-out/>
</testsuite> <!-- appium.Demo3 -->
