<?xml version="1.0" encoding="UTF-8"?>
<!-- Generated by org.testng.reporters.JUnitReportReporter -->
<testsuite hostname="DESKTOP-J9JQ713" failures="0" tests="1" name="appium.Demo1" time="10.942" errors="0" timestamp="2023-05-08T15:07:54 IST" skipped="0">
  <testcase classname="appium.Demo1" name="openApp" time="10.942"/>
  <system-out/>
</testsuite> <!-- appium.Demo1 -->
