<?xml version="1.0" encoding="UTF-8"?>
<!-- Generated by org.testng.reporters.JUnitReportReporter -->
<testsuite hostname="DESKTOP-J9JQ713" failures="0" tests="1" name="appium.Testing" time="0.024" errors="0" timestamp="2023-05-05T16:24:30 IST" skipped="0">
  <testcase classname="appium.Testing" name="testing" time="0.024"/>
  <system-out/>
</testsuite> <!-- appium.Testing -->
