<?xml version="1.0" encoding="UTF-8"?>
<!-- Generated by org.testng.reporters.JUnitReportReporter -->
<testsuite hostname="DESKTOP-J9JQ713" failures="0" tests="1" name="appium.Demo7" time="17.819" errors="0" timestamp="2023-05-09T11:58:30 IST" skipped="0">
  <testcase classname="appium.Demo7" name="openApp" time="17.819"/>
  <system-out/>
</testsuite> <!-- appium.Demo7 -->
