<?xml version="1.0" encoding="UTF-8"?>
<!-- Generated by org.testng.reporters.JUnitReportReporter -->
<testsuite hostname="DESKTOP-J9JQ713" failures="0" tests="1" name="appium.Demo2" time="11.251" errors="0" timestamp="2023-05-08T14:29:17 IST" skipped="0">
  <testcase classname="appium.Demo2" name="openApp" time="11.251"/>
  <system-out/>
</testsuite> <!-- appium.Demo2 -->
