<?xml version="1.0" encoding="UTF-8"?>
<!-- Generated by org.testng.reporters.JUnitReportReporter -->
<testsuite hostname="DESKTOP-J9JQ713" failures="0" tests="1" name="appium.Demo5" time="12.416" errors="0" timestamp="2023-05-09T15:08:15 IST" skipped="0">
  <testcase classname="appium.Demo5" name="openApp" time="12.416"/>
  <system-out/>
</testsuite> <!-- appium.Demo5 -->
